c:\users\dpsoa\documents\github\cgj\3dtangram\x64\debug\vc143.pdb
c:\users\dpsoa\documents\github\cgj\3dtangram\x64\debug\vc143.idb
c:\users\dpsoa\documents\github\cgj\3dtangram\x64\debug\core_force_xyzw_only.obj
c:\users\dpsoa\documents\github\cgj\3dtangram\x64\debug\core_force_unrestricted_gentype.obj
c:\users\dpsoa\documents\github\cgj\3dtangram\x64\debug\core_force_size_t_length.obj
c:\users\dpsoa\documents\github\cgj\3dtangram\x64\debug\core_force_quat_wxyz.obj
c:\users\dpsoa\documents\github\cgj\3dtangram\x64\debug\core_force_pure.obj
c:\users\dpsoa\documents\github\cgj\3dtangram\x64\debug\core_force_platform_unknown.obj
c:\users\dpsoa\documents\github\cgj\3dtangram\x64\debug\core_force_left_handed.obj
c:\users\dpsoa\documents\github\cgj\3dtangram\x64\debug\core_force_inline.obj
c:\users\dpsoa\documents\github\cgj\3dtangram\x64\debug\core_force_explicit_ctor.obj
c:\users\dpsoa\documents\github\cgj\3dtangram\x64\debug\core_force_depth_zero_to_one.obj
c:\users\dpsoa\documents\github\cgj\3dtangram\x64\debug\core_force_ctor_init.obj
c:\users\dpsoa\documents\github\cgj\3dtangram\x64\debug\core_force_compiler_unknown.obj
c:\users\dpsoa\documents\github\cgj\3dtangram\x64\debug\core_force_arch_unknown.obj
c:\users\dpsoa\documents\github\cgj\3dtangram\x64\debug\core_force_aligned_gentypes.obj
c:\users\dpsoa\documents\github\cgj\3dtangram\x64\debug\core_cpp_defaulted_ctor.obj
c:\users\dpsoa\documents\github\cgj\3dtangram\x64\debug\core_cpp_constexpr.obj
c:\users\dpsoa\documents\github\cgj\3dtangram\x64\debug\test_find_glm.obj
c:\users\dpsoa\documents\github\cgj\3dtangram\x64\debug\bug_ms_vec_static.obj
c:\users\dpsoa\documents\github\cgj\3dtangram\x64\debug\glm.obj
c:\users\dpsoa\documents\github\cgj\3dtangram\x64\debug\core_setup_precision.obj
c:\users\dpsoa\documents\github\cgj\3dtangram\x64\debug\core_setup_platform_unknown.obj
c:\users\dpsoa\documents\github\cgj\3dtangram\x64\debug\core_setup_message.obj
c:\users\dpsoa\documents\github\cgj\3dtangram\x64\debug\core_setup_force_size_t_length.obj
c:\users\dpsoa\documents\github\cgj\3dtangram\x64\debug\core_setup_force_cxx_unknown.obj
c:\users\dpsoa\documents\github\cgj\3dtangram\x64\debug\core_setup_force_cxx98.obj
c:\users\dpsoa\documents\github\cgj\3dtangram\x64\debug\core_setup_force_cxx03.obj
c:\users\dpsoa\documents\github\cgj\3dtangram\x64\debug\core_func_vector_relational.obj
c:\users\dpsoa\documents\github\cgj\3dtangram\x64\debug\core_func_trigonometric.obj
c:\users\dpsoa\documents\github\cgj\3dtangram\x64\debug\core_func_swizzle.obj
c:\users\dpsoa\documents\github\cgj\3dtangram\x64\debug\core_func_packing.obj
c:\users\dpsoa\documents\github\cgj\3dtangram\x64\debug\core_func_noise.obj
c:\users\dpsoa\documents\github\cgj\3dtangram\x64\debug\core_func_matrix.obj
c:\users\dpsoa\documents\github\cgj\3dtangram\x64\debug\core_func_integer_find_msb.obj
c:\users\dpsoa\documents\github\cgj\3dtangram\x64\debug\core_func_integer_find_lsb.obj
c:\users\dpsoa\documents\github\cgj\3dtangram\x64\debug\core_func_integer_bit_count.obj
c:\users\dpsoa\documents\github\cgj\3dtangram\x64\debug\core_func_integer.obj
c:\users\dpsoa\documents\github\cgj\3dtangram\x64\debug\core_func_geometric.obj
c:\users\dpsoa\documents\github\cgj\3dtangram\x64\debug\core_func_exponential.obj
c:\users\dpsoa\documents\github\cgj\3dtangram\x64\debug\core_func_common.obj
c:\users\dpsoa\documents\github\cgj\3dtangram\x64\debug\ext_matrix_common.obj
c:\users\dpsoa\documents\github\cgj\3dtangram\x64\debug\ext_matrix_clip_space.obj
c:\users\dpsoa\documents\github\cgj\3dtangram\x64\debug\core_type_vec4.obj
c:\users\dpsoa\documents\github\cgj\3dtangram\x64\debug\core_type_vec3.obj
c:\users\dpsoa\documents\github\cgj\3dtangram\x64\debug\core_type_vec2.obj
c:\users\dpsoa\documents\github\cgj\3dtangram\x64\debug\core_type_vec1.obj
c:\users\dpsoa\documents\github\cgj\3dtangram\x64\debug\core_type_mat4x4.obj
c:\users\dpsoa\documents\github\cgj\3dtangram\x64\debug\core_type_mat4x3.obj
c:\users\dpsoa\documents\github\cgj\3dtangram\x64\debug\core_type_mat4x2.obj
c:\users\dpsoa\documents\github\cgj\3dtangram\x64\debug\core_type_mat3x4.obj
c:\users\dpsoa\documents\github\cgj\3dtangram\x64\debug\core_type_mat3x3.obj
c:\users\dpsoa\documents\github\cgj\3dtangram\x64\debug\core_type_mat3x2.obj
c:\users\dpsoa\documents\github\cgj\3dtangram\x64\debug\core_type_mat2x4.obj
c:\users\dpsoa\documents\github\cgj\3dtangram\x64\debug\core_type_mat2x3.obj
c:\users\dpsoa\documents\github\cgj\3dtangram\x64\debug\core_type_mat2x2.obj
c:\users\dpsoa\documents\github\cgj\3dtangram\x64\debug\core_type_length.obj
c:\users\dpsoa\documents\github\cgj\3dtangram\x64\debug\core_type_int.obj
c:\users\dpsoa\documents\github\cgj\3dtangram\x64\debug\core_type_ctor.obj
c:\users\dpsoa\documents\github\cgj\3dtangram\x64\debug\core_type_cast.obj
c:\users\dpsoa\documents\github\cgj\3dtangram\x64\debug\core_type_aligned.obj
c:\users\dpsoa\documents\github\cgj\3dtangram\x64\debug\ext_matrix_uint4x2_sized.obj
c:\users\dpsoa\documents\github\cgj\3dtangram\x64\debug\ext_matrix_uint3x4_sized.obj
c:\users\dpsoa\documents\github\cgj\3dtangram\x64\debug\ext_matrix_uint3x3_sized.obj
c:\users\dpsoa\documents\github\cgj\3dtangram\x64\debug\ext_matrix_uint3x2_sized.obj
c:\users\dpsoa\documents\github\cgj\3dtangram\x64\debug\ext_matrix_uint2x4_sized.obj
c:\users\dpsoa\documents\github\cgj\3dtangram\x64\debug\ext_matrix_uint2x3_sized.obj
c:\users\dpsoa\documents\github\cgj\3dtangram\x64\debug\ext_matrix_uint2x2_sized.obj
c:\users\dpsoa\documents\github\cgj\3dtangram\x64\debug\ext_matrix_transform.obj
c:\users\dpsoa\documents\github\cgj\3dtangram\x64\debug\ext_matrix_relational.obj
c:\users\dpsoa\documents\github\cgj\3dtangram\x64\debug\ext_matrix_projection.obj
c:\users\dpsoa\documents\github\cgj\3dtangram\x64\debug\ext_matrix_integer.obj
c:\users\dpsoa\documents\github\cgj\3dtangram\x64\debug\ext_matrix_int4x4_sized.obj
c:\users\dpsoa\documents\github\cgj\3dtangram\x64\debug\ext_matrix_int4x3_sized.obj
c:\users\dpsoa\documents\github\cgj\3dtangram\x64\debug\ext_matrix_int4x2_sized.obj
c:\users\dpsoa\documents\github\cgj\3dtangram\x64\debug\ext_matrix_int3x4_sized.obj
c:\users\dpsoa\documents\github\cgj\3dtangram\x64\debug\ext_matrix_int3x3_sized.obj
c:\users\dpsoa\documents\github\cgj\3dtangram\x64\debug\ext_matrix_int3x2_sized.obj
c:\users\dpsoa\documents\github\cgj\3dtangram\x64\debug\ext_matrix_int2x4_sized.obj
c:\users\dpsoa\documents\github\cgj\3dtangram\x64\debug\ext_matrix_int2x3_sized.obj
c:\users\dpsoa\documents\github\cgj\3dtangram\x64\debug\ext_matrix_int2x2_sized.obj
c:\users\dpsoa\documents\github\cgj\3dtangram\x64\debug\ext_vector_bool1.obj
c:\users\dpsoa\documents\github\cgj\3dtangram\x64\debug\ext_vec1.obj
c:\users\dpsoa\documents\github\cgj\3dtangram\x64\debug\ext_scalar_ulp.obj
c:\users\dpsoa\documents\github\cgj\3dtangram\x64\debug\ext_scalar_uint_sized.obj
c:\users\dpsoa\documents\github\cgj\3dtangram\x64\debug\ext_scalar_relational.obj
c:\users\dpsoa\documents\github\cgj\3dtangram\x64\debug\ext_scalar_reciprocal.obj
c:\users\dpsoa\documents\github\cgj\3dtangram\x64\debug\ext_scalar_packing.obj
c:\users\dpsoa\documents\github\cgj\3dtangram\x64\debug\ext_scalar_int_sized.obj
c:\users\dpsoa\documents\github\cgj\3dtangram\x64\debug\ext_scalar_integer.obj
c:\users\dpsoa\documents\github\cgj\3dtangram\x64\debug\ext_scalar_constants.obj
c:\users\dpsoa\documents\github\cgj\3dtangram\x64\debug\ext_scalar_common.obj
c:\users\dpsoa\documents\github\cgj\3dtangram\x64\debug\ext_quaternion_type.obj
c:\users\dpsoa\documents\github\cgj\3dtangram\x64\debug\ext_quaternion_trigonometric.obj
c:\users\dpsoa\documents\github\cgj\3dtangram\x64\debug\ext_quaternion_transform.obj
c:\users\dpsoa\documents\github\cgj\3dtangram\x64\debug\ext_quaternion_relational.obj
c:\users\dpsoa\documents\github\cgj\3dtangram\x64\debug\ext_quaternion_geometric.obj
c:\users\dpsoa\documents\github\cgj\3dtangram\x64\debug\ext_quaternion_exponential.obj
c:\users\dpsoa\documents\github\cgj\3dtangram\x64\debug\ext_quaternion_common.obj
c:\users\dpsoa\documents\github\cgj\3dtangram\x64\debug\ext_matrix_uint4x4_sized.obj
c:\users\dpsoa\documents\github\cgj\3dtangram\x64\debug\ext_matrix_uint4x3_sized.obj
c:\users\dpsoa\documents\github\cgj\3dtangram\x64\debug\gtc_epsilon.obj
c:\users\dpsoa\documents\github\cgj\3dtangram\x64\debug\gtc_constants.obj
c:\users\dpsoa\documents\github\cgj\3dtangram\x64\debug\gtc_color_space.obj
c:\users\dpsoa\documents\github\cgj\3dtangram\x64\debug\gtc_bitfield.obj
c:\users\dpsoa\documents\github\cgj\3dtangram\x64\debug\ext_vector_ulp.obj
c:\users\dpsoa\documents\github\cgj\3dtangram\x64\debug\ext_vector_uint4_sized.obj
c:\users\dpsoa\documents\github\cgj\3dtangram\x64\debug\ext_vector_uint3_sized.obj
c:\users\dpsoa\documents\github\cgj\3dtangram\x64\debug\ext_vector_uint2_sized.obj
c:\users\dpsoa\documents\github\cgj\3dtangram\x64\debug\ext_vector_uint1_sized.obj
c:\users\dpsoa\documents\github\cgj\3dtangram\x64\debug\ext_vector_relational.obj
c:\users\dpsoa\documents\github\cgj\3dtangram\x64\debug\ext_vector_reciprocal.obj
c:\users\dpsoa\documents\github\cgj\3dtangram\x64\debug\ext_vector_packing.obj
c:\users\dpsoa\documents\github\cgj\3dtangram\x64\debug\ext_vector_integer_sized.obj
c:\users\dpsoa\documents\github\cgj\3dtangram\x64\debug\ext_vector_integer.obj
c:\users\dpsoa\documents\github\cgj\3dtangram\x64\debug\ext_vector_int4_sized.obj
c:\users\dpsoa\documents\github\cgj\3dtangram\x64\debug\ext_vector_int3_sized.obj
c:\users\dpsoa\documents\github\cgj\3dtangram\x64\debug\ext_vector_int2_sized.obj
c:\users\dpsoa\documents\github\cgj\3dtangram\x64\debug\ext_vector_int1_sized.obj
c:\users\dpsoa\documents\github\cgj\3dtangram\x64\debug\ext_vector_iec559.obj
c:\users\dpsoa\documents\github\cgj\3dtangram\x64\debug\ext_vector_common.obj
c:\users\dpsoa\documents\github\cgj\3dtangram\x64\debug\gtx_closest_point.obj
c:\users\dpsoa\documents\github\cgj\3dtangram\x64\debug\gtx_associated_min_max.obj
c:\users\dpsoa\documents\github\cgj\3dtangram\x64\debug\gtx.obj
c:\users\dpsoa\documents\github\cgj\3dtangram\x64\debug\gtc_vec1.obj
c:\users\dpsoa\documents\github\cgj\3dtangram\x64\debug\gtc_ulp.obj
c:\users\dpsoa\documents\github\cgj\3dtangram\x64\debug\gtc_type_ptr.obj
c:\users\dpsoa\documents\github\cgj\3dtangram\x64\debug\gtc_type_precision.obj
c:\users\dpsoa\documents\github\cgj\3dtangram\x64\debug\gtc_type_aligned.obj
c:\users\dpsoa\documents\github\cgj\3dtangram\x64\debug\gtc_round.obj
c:\users\dpsoa\documents\github\cgj\3dtangram\x64\debug\gtc_reciprocal.obj
c:\users\dpsoa\documents\github\cgj\3dtangram\x64\debug\gtc_random.obj
c:\users\dpsoa\documents\github\cgj\3dtangram\x64\debug\gtc_quaternion.obj
c:\users\dpsoa\documents\github\cgj\3dtangram\x64\debug\gtc_packing.obj
c:\users\dpsoa\documents\github\cgj\3dtangram\x64\debug\gtc_noise.obj
c:\users\dpsoa\documents\github\cgj\3dtangram\x64\debug\gtc_matrix_transform.obj
c:\users\dpsoa\documents\github\cgj\3dtangram\x64\debug\gtc_matrix_inverse.obj
c:\users\dpsoa\documents\github\cgj\3dtangram\x64\debug\gtc_matrix_integer.obj
c:\users\dpsoa\documents\github\cgj\3dtangram\x64\debug\gtc_matrix_access.obj
c:\users\dpsoa\documents\github\cgj\3dtangram\x64\debug\gtc_integer.obj
c:\users\dpsoa\documents\github\cgj\3dtangram\x64\debug\gtx_hash.obj
c:\users\dpsoa\documents\github\cgj\3dtangram\x64\debug\gtx_handed_coordinate_space.obj
c:\users\dpsoa\documents\github\cgj\3dtangram\x64\debug\gtx_gradient_paint.obj
c:\users\dpsoa\documents\github\cgj\3dtangram\x64\debug\gtx_functions.obj
c:\users\dpsoa\documents\github\cgj\3dtangram\x64\debug\gtx_fast_trigonometry.obj
c:\users\dpsoa\documents\github\cgj\3dtangram\x64\debug\gtx_fast_square_root.obj
c:\users\dpsoa\documents\github\cgj\3dtangram\x64\debug\gtx_fast_exponential.obj
c:\users\dpsoa\documents\github\cgj\3dtangram\x64\debug\gtx_exterior_product.obj
c:\users\dpsoa\documents\github\cgj\3dtangram\x64\debug\gtx_extended_min_max.obj
c:\users\dpsoa\documents\github\cgj\3dtangram\x64\debug\gtx_extend.obj
c:\users\dpsoa\documents\github\cgj\3dtangram\x64\debug\gtx_euler_angle.obj
c:\users\dpsoa\documents\github\cgj\3dtangram\x64\debug\gtx_easing.obj
c:\users\dpsoa\documents\github\cgj\3dtangram\x64\debug\gtx_dual_quaternion.obj
c:\users\dpsoa\documents\github\cgj\3dtangram\x64\debug\gtx_component_wise.obj
c:\users\dpsoa\documents\github\cgj\3dtangram\x64\debug\gtx_compatibility.obj
c:\users\dpsoa\documents\github\cgj\3dtangram\x64\debug\gtx_common.obj
c:\users\dpsoa\documents\github\cgj\3dtangram\x64\debug\gtx_color_space_ycocg.obj
c:\users\dpsoa\documents\github\cgj\3dtangram\x64\debug\gtx_color_space.obj
c:\users\dpsoa\documents\github\cgj\3dtangram\x64\debug\gtx_color_encoding.obj
c:\users\dpsoa\documents\github\cgj\3dtangram\x64\debug\gtx_orthonormalize.obj
c:\users\dpsoa\documents\github\cgj\3dtangram\x64\debug\gtx_optimum_pow.obj
c:\users\dpsoa\documents\github\cgj\3dtangram\x64\debug\gtx_normalize_dot.obj
c:\users\dpsoa\documents\github\cgj\3dtangram\x64\debug\gtx_normal.obj
c:\users\dpsoa\documents\github\cgj\3dtangram\x64\debug\gtx_norm.obj
c:\users\dpsoa\documents\github\cgj\3dtangram\x64\debug\gtx_matrix_transform_2d.obj
c:\users\dpsoa\documents\github\cgj\3dtangram\x64\debug\gtx_matrix_query.obj
c:\users\dpsoa\documents\github\cgj\3dtangram\x64\debug\gtx_matrix_operation.obj
c:\users\dpsoa\documents\github\cgj\3dtangram\x64\debug\gtx_matrix_major_storage.obj
c:\users\dpsoa\documents\github\cgj\3dtangram\x64\debug\gtx_matrix_interpolation.obj
c:\users\dpsoa\documents\github\cgj\3dtangram\x64\debug\gtx_matrix_factorisation.obj
c:\users\dpsoa\documents\github\cgj\3dtangram\x64\debug\gtx_matrix_decompose.obj
c:\users\dpsoa\documents\github\cgj\3dtangram\x64\debug\gtx_matrix_cross_product.obj
c:\users\dpsoa\documents\github\cgj\3dtangram\x64\debug\gtx_log_base.obj
c:\users\dpsoa\documents\github\cgj\3dtangram\x64\debug\gtx_load.obj
c:\users\dpsoa\documents\github\cgj\3dtangram\x64\debug\gtx_io.obj
c:\users\dpsoa\documents\github\cgj\3dtangram\x64\debug\gtx_intersect.obj
c:\users\dpsoa\documents\github\cgj\3dtangram\x64\debug\gtx_integer.obj
c:\users\dpsoa\documents\github\cgj\3dtangram\x64\debug\gtx_vector_query.obj
c:\users\dpsoa\documents\github\cgj\3dtangram\x64\debug\gtx_vector_angle.obj
c:\users\dpsoa\documents\github\cgj\3dtangram\x64\debug\gtx_type_trait.obj
c:\users\dpsoa\documents\github\cgj\3dtangram\x64\debug\gtx_type_aligned.obj
c:\users\dpsoa\documents\github\cgj\3dtangram\x64\debug\gtx_texture.obj
c:\users\dpsoa\documents\github\cgj\3dtangram\x64\debug\gtx_string_cast.obj
c:\users\dpsoa\documents\github\cgj\3dtangram\x64\debug\gtx_spline.obj
c:\users\dpsoa\documents\github\cgj\3dtangram\x64\debug\gtx_scalar_relational.obj
c:\users\dpsoa\documents\github\cgj\3dtangram\x64\debug\gtx_scalar_multiplication.obj
c:\users\dpsoa\documents\github\cgj\3dtangram\x64\debug\gtx_rotate_vector.obj
c:\users\dpsoa\documents\github\cgj\3dtangram\x64\debug\gtx_rotate_normalized_axis.obj
c:\users\dpsoa\documents\github\cgj\3dtangram\x64\debug\gtx_range.obj
c:\users\dpsoa\documents\github\cgj\3dtangram\x64\debug\gtx_quaternion.obj
c:\users\dpsoa\documents\github\cgj\3dtangram\x64\debug\gtx_projection.obj
c:\users\dpsoa\documents\github\cgj\3dtangram\x64\debug\gtx_polar_coordinates.obj
c:\users\dpsoa\documents\github\cgj\3dtangram\x64\debug\gtx_perpendicular.obj
c:\users\dpsoa\documents\github\cgj\3dtangram\x64\debug\gtx_pca.obj
c:\users\dpsoa\documents\github\cgj\3dtangram\x64\debug\mglcamera.obj
c:\users\dpsoa\documents\github\cgj\3dtangram\x64\debug\mglapp.obj
c:\users\dpsoa\documents\github\cgj\3dtangram\x64\debug\perf_vector_mul_matrix.obj
c:\users\dpsoa\documents\github\cgj\3dtangram\x64\debug\perf_matrix_transpose.obj
c:\users\dpsoa\documents\github\cgj\3dtangram\x64\debug\perf_matrix_mul_vector.obj
c:\users\dpsoa\documents\github\cgj\3dtangram\x64\debug\perf_matrix_mul.obj
c:\users\dpsoa\documents\github\cgj\3dtangram\x64\debug\perf_matrix_inverse.obj
c:\users\dpsoa\documents\github\cgj\3dtangram\x64\debug\perf_matrix_div.obj
c:\users\dpsoa\documents\github\cgj\3dtangram\x64\debug\gtx_wrap.obj
c:\users\dpsoa\documents\github\cgj\3dtangram\x64\debug\gtx_vec_swizzle.obj
c:\users\dpsoa\documents\github\cgj\3dtangram\x64\debug\mglshader.obj
c:\users\dpsoa\documents\github\cgj\3dtangram\x64\debug\mglerror.obj
c:\users\dpsoa\documents\github\cgj\3dtangram\x64\debug\3dtangram.tlog\cl.command.1.tlog
c:\users\dpsoa\documents\github\cgj\3dtangram\x64\debug\3dtangram.tlog\cl.read.1.tlog
c:\users\dpsoa\documents\github\cgj\3dtangram\x64\debug\3dtangram.tlog\cl.write.1.tlog
